1
499
125
a-ejj 675
c-ejj 675
e-ejj 675
g-ejj 675
i-ejj 675
ba-ejj 675
bc-ejj 675
be-ejj 675
bg-ejj 675
bi-ejj 675
ca-ejj 675
cc-ejj 675
ce-ejj 675
cg-ejj 675
ci-ejj 675
da-ejj 675
dc-ejj 675
de-ejj 675
dg-ejj 675
di-ejj 675
ea-ejj 675
ec-ejj 675
ee-ejj 675
eg-ejj 675
ei-ejj 675
fa-ejj 675
fc-ejj 675
fe-ejj 675
fg-ejj 675
fi-ejj 675
ga-ejj 675
gc-ejj 675
ge-ejj 675
gg-ejj 675
gi-ejj 675
ha-ejj 675
hc-ejj 675
he-ejj 675
hg-ejj 675
hi-ejj 675
ia-ejj 675
ic-ejj 675
ie-ejj 675
ig-ejj 675
ii-ejj 675
ja-ejj 675
jc-ejj 675
je-ejj 675
jg-ejj 675
ji-ejj 675
baa-ejj 675
bac-ejj 675
bae-ejj 675
bag-ejj 675
bai-ejj 675
bba-ejj 675
bbc-ejj 675
bbe-ejj 675
bbg-ejj 675
bbi-ejj 675
bca-ejj 675
bcc-ejj 675
bce-ejj 675
bcg-ejj 675
bci-ejj 675
bda-ejj 675
bdc-ejj 675
bde-ejj 675
bdg-ejj 675
bdi-ejj 675
bea-ejj 675
bec-ejj 675
bee-ejj 675
beg-ejj 675
bei-ejj 675
bfa-ejj 675
bfc-ejj 675
bfe-ejj 675
bfg-ejj 675
bfi-ejj 675
bga-ejj 675
bgc-ejj 675
bge-ejj 675
bgg-ejj 675
bgi-ejj 675
bha-ejj 675
bhc-ejj 675
bhe-ejj 675
bhg-ejj 675
bhi-ejj 675
bia-ejj 675
bic-ejj 675
bie-ejj 675
big-ejj 675
bii-ejj 675
bja-ejj 675
bjc-ejj 675
bje-ejj 675
bjg-ejj 675
bji-ejj 675
caa-ejj 675
cac-ejj 675
cae-ejj 675
cag-ejj 675
cai-ejj 675
cba-ejj 675
cbc-ejj 675
cbe-ejj 675
cbg-ejj 675
cbi-ejj 675
cca-ejj 675
ccc-ejj 675
cce-ejj 675
ccg-ejj 675
cci-ejj 675
cda-ejj 675
cdc-ejj 675
cde-ejj 675
cdg-ejj 675
cdi-ejj 675
cea-ejj 675
cec-ejj 675
cee-ejj 675
ceg-ejj 675
cei-ejj 675
